# JRE version: OpenJDK Runtime Environment (21.0.10) (build 21.0.10+-14961533-b1163.108)
# Java VM: OpenJDK 64-Bit Server VM (21.0.10+-14961533-b1163.108, mixed mode, tiered, compressed oops, compressed class ptrs, g1 gc, windows-amd64)
GC Precious Log:
 CardTable entry size: 512
 Card Set container configuration: InlinePtr #cards 5 size 8 Array Of Cards #cards 12 size 40 Howl #buckets 4 coarsen threshold 1843 Howl Bitmap #cards 512 size 80 coarsen threshold 460 Card regions per heap region 1 cards per card region 2048
 CPUs: 8 total, 8 available
 Memory: 8071M
 Large Page Support: Disabled
 NUMA Support: Disabled
 Compressed Oops: Enabled (32-bit)
 Heap Region Size: 1M
 Heap Min Capacity: 8M
 Heap Initial Capacity: 128M
 Heap Max Capacity: 2018M
 Pre-touch: Disabled
 Parallel Workers: 8
 Concurrent Workers: 2
 Concurrent Refinement Workers: 8
 Periodic GC: Disabled
Heap:
 garbage-first heap   total 198656K, used 12201K [0x0000000081e00000, 0x0000000100000000)
  region size 1024K, 1 young (1024K), 1 survivors (1024K)
 Metaspace       used 34109K, committed 34432K, reserved 1114112K
  class space    used 3206K, committed 3392K, reserved 1048576K
GC Heap History (20 events):
Event: 917.493 GC heap after
{Heap after GC invocations=3630 (full 0):
 garbage-first heap   total 198656K, used 12199K [0x0000000081e00000, 0x0000000100000000)
  region size 1024K, 1 young (1024K), 1 survivors (1024K)
 Metaspace       used 34109K, committed 34432K, reserved 1114112K
  class space    used 3206K, committed 3392K, reserved 1048576K
}
Event: 917.719 GC heap before
{Heap before GC invocations=3630 (full 0):
 garbage-first heap   total 198656K, used 129959K [0x0000000081e00000, 0x0000000100000000)
  region size 1024K, 116 young (118784K), 1 survivors (1024K)
 Metaspace       used 34109K, committed 34432K, reserved 1114112K
  class space    used 3206K, committed 3392K, reserved 1048576K
}
Event: 917.720 GC heap after
{Heap after GC invocations=3631 (full 0):
 garbage-first heap   total 198656K, used 12197K [0x0000000081e00000, 0x0000000100000000)
  region size 1024K, 1 young (1024K), 1 survivors (1024K)
 Metaspace       used 34109K, committed 34432K, reserved 1114112K
  class space    used 3206K, committed 3392K, reserved 1048576K
}
Event: 917.913 GC heap before
{Heap before GC invocations=3631 (full 0):
 garbage-first heap   total 198656K, used 129957K [0x0000000081e00000, 0x0000000100000000)
  region size 1024K, 116 young (118784K), 1 survivors (1024K)
 Metaspace       used 34109K, committed 34432K, reserved 1114112K
  class space    used 3206K, committed 3392K, reserved 1048576K
}
Event: 917.914 GC heap after
{Heap after GC invocations=3632 (full 0):
 garbage-first heap   total 198656K, used 12197K [0x0000000081e00000, 0x0000000100000000)
  region size 1024K, 1 young (1024K), 1 survivors (1024K)
 Metaspace       used 34109K, committed 34432K, reserved 1114112K
  class space    used 3206K, committed 3392K, reserved 1048576K
}
Event: 918.114 GC heap before
{Heap before GC invocations=3632 (full 0):
 garbage-first heap   total 198656K, used 129957K [0x0000000081e00000, 0x0000000100000000)
  region size 1024K, 116 young (118784K), 1 survivors (1024K)
 Metaspace       used 34109K, committed 34432K, reserved 1114112K
  class space    used 3206K, committed 3392K, reserved 1048576K
}
Event: 918.114 GC heap after
{Heap after GC invocations=3633 (full 0):
 garbage-first heap   total 198656K, used 12197K [0x0000000081e00000, 0x0000000100000000)
  region size 1024K, 1 young (1024K), 1 survivors (1024K)
 Metaspace       used 34109K, committed 34432K, reserved 1114112K
  class space    used 3206K, committed 3392K, reserved 1048576K
}
Event: 918.332 GC heap before
{Heap before GC invocations=3633 (full 0):
 garbage-first heap   total 198656K, used 129957K [0x0000000081e00000, 0x0000000100000000)
  region size 1024K, 116 young (118784K), 1 survivors (1024K)
 Metaspace       used 34109K, committed 34432K, reserved 1114112K
  class space    used 3206K, committed 3392K, reserved 1048576K
}
Event: 918.333 GC heap after
{Heap after GC invocations=3634 (full 0):
 garbage-first heap   total 198656K, used 12197K [0x0000000081e00000, 0x0000000100000000)
  region size 1024K, 1 young (1024K), 1 survivors (1024K)
 Metaspace       used 34109K, committed 34432K, reserved 1114112K
  class space    used 3206K, committed 3392K, reserved 1048576K
}
Event: 918.567 GC heap before
{Heap before GC invocations=3634 (full 0):
 garbage-first heap   total 198656K, used 129957K [0x0000000081e00000, 0x0000000100000000)
  region size 1024K, 116 young (118784K), 1 survivors (1024K)
 Metaspace       used 34109K, committed 34432K, reserved 1114112K
  class space    used 3206K, committed 3392K, reserved 1048576K
}
Event: 918.567 GC heap after
{Heap after GC invocations=3635 (full 0):
 garbage-first heap   total 198656K, used 12195K [0x0000000081e00000, 0x0000000100000000)
  region size 1024K, 1 young (1024K), 1 survivors (1024K)
 Metaspace       used 34109K, committed 34432K, reserved 1114112K
  class space    used 3206K, committed 3392K, reserved 1048576K
}
Event: 918.776 GC heap before
{Heap before GC invocations=3635 (full 0):
 garbage-first heap   total 198656K, used 129955K [0x0000000081e00000, 0x0000000100000000)
  region size 1024K, 116 young (118784K), 1 survivors (1024K)
 Metaspace       used 34109K, committed 34432K, reserved 1114112K
  class space    used 3206K, committed 3392K, reserved 1048576K
}
Event: 921.881 GC heap after
{Heap after GC invocations=3636 (full 0):
 garbage-first heap   total 198656K, used 12197K [0x0000000081e00000, 0x0000000100000000)
  region size 1024K, 1 young (1024K), 1 survivors (1024K)
 Metaspace       used 34109K, committed 34432K, reserved 1114112K
  class space    used 3206K, committed 3392K, reserved 1048576K
}
Event: 921.894 GC heap before
{Heap before GC invocations=3636 (full 0):
 garbage-first heap   total 198656K, used 20389K [0x0000000081e00000, 0x0000000100000000)
  region size 1024K, 9 young (9216K), 1 survivors (1024K)
 Metaspace       used 34109K, committed 34432K, reserved 1114112K
  class space    used 3206K, committed 3392K, reserved 1048576K
}
Event: 921.895 GC heap after
{Heap after GC invocations=3637 (full 0):
 garbage-first heap   total 198656K, used 12197K [0x0000000081e00000, 0x0000000100000000)
  region size 1024K, 1 young (1024K), 1 survivors (1024K)
 Metaspace       used 34109K, committed 34432K, reserved 1114112K
  class space    used 3206K, committed 3392K, reserved 1048576K
}
Event: 921.909 GC heap before
{Heap before GC invocations=3637 (full 0):
 garbage-first heap   total 198656K, used 20389K [0x0000000081e00000, 0x0000000100000000)
  region size 1024K, 9 young (9216K), 1 survivors (1024K)
 Metaspace       used 34109K, committed 34432K, reserved 1114112K
  class space    used 3206K, committed 3392K, reserved 1048576K
}
Event: 921.909 GC heap after
{Heap after GC invocations=3638 (full 0):
 garbage-first heap   total 198656K, used 12201K [0x0000000081e00000, 0x0000000100000000)
  region size 1024K, 1 young (1024K), 1 survivors (1024K)
 Metaspace       used 34109K, committed 34432K, reserved 1114112K
  class space    used 3206K, committed 3392K, reserved 1048576K
}
Event: 921.923 GC heap before
{Heap before GC invocations=3638 (full 0):
 garbage-first heap   total 198656K, used 20393K [0x0000000081e00000, 0x0000000100000000)
  region size 1024K, 9 young (9216K), 1 survivors (1024K)
 Metaspace       used 34109K, committed 34432K, reserved 1114112K
  class space    used 3206K, committed 3392K, reserved 1048576K
}
Event: 921.923 GC heap after
{Heap after GC invocations=3639 (full 0):
 garbage-first heap   total 198656K, used 12201K [0x0000000081e00000, 0x0000000100000000)
  region size 1024K, 1 young (1024K), 1 survivors (1024K)
 Metaspace       used 34109K, committed 34432K, reserved 1114112K
  class space    used 3206K, committed 3392K, reserved 1048576K
}
Event: 922.132 GC heap before
{Heap before GC invocations=3639 (full 0):
 garbage-first heap   total 198656K, used 129961K [0x0000000081e00000, 0x0000000100000000)
  region size 1024K, 116 young (118784K), 1 survivors (1024K)
 Metaspace       used 34109K, committed 34432K, reserved 1114112K
  class space    used 3206K, committed 3392K, reserved 1048576K
}

